[     448ms] [ERROR] IntlError: MISSING_MESSAGE: Could not resolve `landing.footerNav.newsletter` in messages for locale `ja`.
    at getFallbackFromErrorAndNotify (http://localhost:3001/_next/static/chunks/node_modules__pnpm_107f78p._.js:4167:23)
    at translateBaseFn (http://localhost:3001/_next/static/chunks/node_modules__pnpm_107f78p._.js:4197:28)
    at translateFn (http://localhost:3001/_next/static/chunks/node_modules__pnpm_107f78p._.js:4225:24)
    at FooterNav (http://localhost:3001/_next/static/chunks/src_0hk7nib._.js:1405:47)
    at Object.react_stack_bottom_frame (http://localhost:3001/_next/static/chunks/0w4n_next_dist_compiled_react-dom_0zgmlza._.js:15037:24)
    at renderWithHooks (http://localhost:3001/_next/static/chunks/0w4n_next_dist_compiled_react-dom_0zgmlza._.js:4620:24)
    at updateFunctionComponent (http://localhost:3001/_next/static/chunks/0w4n_next_dist_compiled_react-dom_0zgmlza._.js:6081:21)
    at beginWork (http://localhost:3001/_next/static/chunks/0w4n_next_dist_compiled_react-dom_0zgmlza._.js:6691:24)
    at runWithFiberInDEV (http://localhost:3001/_next/static/chunks/0w4n_next_dist_compiled_react-dom_0zgmlza._.js:965:74)
    at performUnitOfWork (http://localhost:3001/_next/static/chunks/0w4n_next_dist_compiled_react-dom_0zgmlza._.js:9555:97)
    at workLoopSync (http://localhost:3001/_next/static/chunks/0w4n_next_dist_compiled_react-dom_0zgmlza._.js:9449:40)
    at renderRootSync (http://localhost:3001/_next/static/chunks/0w4n_next_dist_compiled_react-dom_0zgmlza._.js:9433:13)
    at performWorkOnRoot (http://localhost:3001/_next/static/chunks/0w4n_next_dist_compiled_react-dom_0zgmlza._.js:9098:47)
    at performWorkOnRootViaSchedulerTask (http://localhost:3001/_next/static/chunks/0w4n_next_dist_compiled_react-dom_0zgmlza._.js:10255:9)
    at MessagePort.performWorkUntilDeadline (http://localhost:3001/_next/static/chunks/0w4n_next_dist_compiled_0q67tpg._.js:2647:64) @ http://localhost:3001/_next/static/chunks/0w4n_next_dist_0_cxz4v._.js:3272
[     448ms] [ERROR] IntlError: MISSING_MESSAGE: Could not resolve `landing.footerNav.emailPlaceholder` in messages for locale `ja`.
    at getFallbackFromErrorAndNotify (http://localhost:3001/_next/static/chunks/node_modules__pnpm_107f78p._.js:4167:23)
    at translateBaseFn (http://localhost:3001/_next/static/chunks/node_modules__pnpm_107f78p._.js:4197:28)
    at translateFn (http://localhost:3001/_next/static/chunks/node_modules__pnpm_107f78p._.js:4225:24)
    at FooterNav (http://localhost:3001/_next/static/chunks/src_0hk7nib._.js:1416:58)
    at Object.react_stack_bottom_frame (http://localhost:3001/_next/static/chunks/0w4n_next_dist_compiled_react-dom_0zgmlza._.js:15037:24)
    at renderWithHooks (http://localhost:3001/_next/static/chunks/0w4n_next_dist_compiled_react-dom_0zgmlza._.js:4620:24)
    at updateFunctionComponent (http://localhost:3001/_next/static/chunks/0w4n_next_dist_compiled_react-dom_0zgmlza._.js:6081:21)
    at beginWork (http://localhost:3001/_next/static/chunks/0w4n_next_dist_compiled_react-dom_0zgmlza._.js:6691:24)
    at runWithFiberInDEV (http://localhost:3001/_next/static/chunks/0w4n_next_dist_compiled_react-dom_0zgmlza._.js:965:74)
    at performUnitOfWork (http://localhost:3001/_next/static/chunks/0w4n_next_dist_compiled_react-dom_0zgmlza._.js:9555:97)
    at workLoopSync (http://localhost:3001/_next/static/chunks/0w4n_next_dist_compiled_react-dom_0zgmlza._.js:9449:40)
    at renderRootSync (http://localhost:3001/_next/static/chunks/0w4n_next_dist_compiled_react-dom_0zgmlza._.js:9433:13)
    at performWorkOnRoot (http://localhost:3001/_next/static/chunks/0w4n_next_dist_compiled_react-dom_0zgmlza._.js:9098:47)
    at performWorkOnRootViaSchedulerTask (http://localhost:3001/_next/static/chunks/0w4n_next_dist_compiled_react-dom_0zgmlza._.js:10255:9)
    at MessagePort.performWorkUntilDeadline (http://localhost:3001/_next/static/chunks/0w4n_next_dist_compiled_0q67tpg._.js:2647:64) @ http://localhost:3001/_next/static/chunks/0w4n_next_dist_0_cxz4v._.js:3272
[     449ms] [ERROR] IntlError: MISSING_MESSAGE: Could not resolve `landing.footerNav.newsletter` in messages for locale `ja`.
    at getFallbackFromErrorAndNotify (http://localhost:3001/_next/static/chunks/node_modules__pnpm_107f78p._.js:4167:23)
    at translateBaseFn (http://localhost:3001/_next/static/chunks/node_modules__pnpm_107f78p._.js:4197:28)
    at translateFn (http://localhost:3001/_next/static/chunks/node_modules__pnpm_107f78p._.js:4225:24)
    at FooterNav (http://localhost:3001/_next/static/chunks/src_0hk7nib._.js:1405:47)
    at Object.react_stack_bottom_frame (http://localhost:3001/_next/static/chunks/0w4n_next_dist_compiled_react-dom_0zgmlza._.js:15037:24)
    at renderWithHooksAgain (http://localhost:3001/_next/static/chunks/0w4n_next_dist_compiled_react-dom_0zgmlza._.js:4675:24)
    at renderWithHooks (http://localhost:3001/_next/static/chunks/0w4n_next_dist_compiled_react-dom_0zgmlza._.js:4626:28)
    at updateFunctionComponent (http://localhost:3001/_next/static/chunks/0w4n_next_dist_compiled_react-dom_0zgmlza._.js:6081:21)
    at beginWork (http://localhost:3001/_next/static/chunks/0w4n_next_dist_compiled_react-dom_0zgmlza._.js:6691:24)
    at runWithFiberInDEV (http://localhost:3001/_next/static/chunks/0w4n_next_dist_compiled_react-dom_0zgmlza._.js:965:74)
    at performUnitOfWork (http://localhost:3001/_next/static/chunks/0w4n_next_dist_compiled_react-dom_0zgmlza._.js:9555:97)
    at workLoopSync (http://localhost:3001/_next/static/chunks/0w4n_next_dist_compiled_react-dom_0zgmlza._.js:9449:40)
    at renderRootSync (http://localhost:3001/_next/static/chunks/0w4n_next_dist_compiled_react-dom_0zgmlza._.js:9433:13)
    at performWorkOnRoot (http://localhost:3001/_next/static/chunks/0w4n_next_dist_compiled_react-dom_0zgmlza._.js:9098:47)
    at performWorkOnRootViaSchedulerTask (http://localhost:3001/_next/static/chunks/0w4n_next_dist_compiled_react-dom_0zgmlza._.js:10255:9)
    at MessagePort.performWorkUntilDeadline (http://localhost:3001/_next/static/chunks/0w4n_next_dist_compiled_0q67tpg._.js:2647:64) @ http://localhost:3001/_next/static/chunks/0w4n_next_dist_0_cxz4v._.js:3272
[     449ms] [ERROR] IntlError: MISSING_MESSAGE: Could not resolve `landing.footerNav.emailPlaceholder` in messages for locale `ja`.
    at getFallbackFromErrorAndNotify (http://localhost:3001/_next/static/chunks/node_modules__pnpm_107f78p._.js:4167:23)
    at translateBaseFn (http://localhost:3001/_next/static/chunks/node_modules__pnpm_107f78p._.js:4197:28)
    at translateFn (http://localhost:3001/_next/static/chunks/node_modules__pnpm_107f78p._.js:4225:24)
    at FooterNav (http://localhost:3001/_next/static/chunks/src_0hk7nib._.js:1416:58)
    at Object.react_stack_bottom_frame (http://localhost:3001/_next/static/chunks/0w4n_next_dist_compiled_react-dom_0zgmlza._.js:15037:24)
    at renderWithHooksAgain (http://localhost:3001/_next/static/chunks/0w4n_next_dist_compiled_react-dom_0zgmlza._.js:4675:24)
    at renderWithHooks (http://localhost:3001/_next/static/chunks/0w4n_next_dist_compiled_react-dom_0zgmlza._.js:4626:28)
    at updateFunctionComponent (http://localhost:3001/_next/static/chunks/0w4n_next_dist_compiled_react-dom_0zgmlza._.js:6081:21)
    at beginWork (http://localhost:3001/_next/static/chunks/0w4n_next_dist_compiled_react-dom_0zgmlza._.js:6691:24)
    at runWithFiberInDEV (http://localhost:3001/_next/static/chunks/0w4n_next_dist_compiled_react-dom_0zgmlza._.js:965:74)
    at performUnitOfWork (http://localhost:3001/_next/static/chunks/0w4n_next_dist_compiled_react-dom_0zgmlza._.js:9555:97)
    at workLoopSync (http://localhost:3001/_next/static/chunks/0w4n_next_dist_compiled_react-dom_0zgmlza._.js:9449:40)
    at renderRootSync (http://localhost:3001/_next/static/chunks/0w4n_next_dist_compiled_react-dom_0zgmlza._.js:9433:13)
    at performWorkOnRoot (http://localhost:3001/_next/static/chunks/0w4n_next_dist_compiled_react-dom_0zgmlza._.js:9098:47)
    at performWorkOnRootViaSchedulerTask (http://localhost:3001/_next/static/chunks/0w4n_next_dist_compiled_react-dom_0zgmlza._.js:10255:9)
    at MessagePort.performWorkUntilDeadline (http://localhost:3001/_next/static/chunks/0w4n_next_dist_compiled_0q67tpg._.js:2647:64) @ http://localhost:3001/_next/static/chunks/0w4n_next_dist_0_cxz4v._.js:3272
[     486ms] Error: Hydration failed because the server rendered text didn't match the client. As a result this tree will be regenerated on the client. This can happen if a SSR-ed Client Component used:

- A server/client branch `if (typeof window !== 'undefined')`.
- Variable input such as `Date.now()` or `Math.random()` which changes each time it's called.
- Date formatting in a user's locale which doesn't match the server.
- External changing data without sending a snapshot of it along with the HTML.
- Invalid HTML tag nesting.

It can also happen if the client has a browser extension installed which messes with the HTML before React loaded.

https://react.dev/link/hydration-mismatch

  ...
    <RedirectErrorBoundary router={{...}}>
      <InnerLayoutRouter url="/ja" tree={[...]} params={{locale:"ja"}} cacheNode={{rsc:{...}, ...}} segmentPath={[...]} ...>
        <SegmentViewNode type="page" pagePath="[locale]/(...">
          <SegmentTrieNode>
          <ClientPageRoot Component={function HomePage} serverProvidedParams={{...}}>
            <HomePage params={Promise} searchParams={Promise}>
              <main className="flex flex-...">
                <section className="relative p...">
                  <div>
                  <div className="container ...">
                    <div className="flex-1 tex...">
                      <SectionReveal>
                        <motion.div initial={{opacity:0,y:40}} whileInView={{opacity:1,x:0,y:0}} ...>
                          <div className={undefined} style={{opacity:0, ...}} ref={function useMotionRef.useCallback}>
                            <h1
+                             className="text-5xl font-black tracking-tighter md:text-6xl lg:text-7xl"
-                             className="text-4xl font-bold tracking-tight md:text-5xl lg:text-6xl"
                            >
                      <SectionReveal delay={0.15}>
                        <motion.div initial={{opacity:0,y:40}} whileInView={{opacity:1,x:0,y:0}} ...>
                          <div className={undefined} style={{opacity:0, ...}} ref={function useMotionRef.useCallback}>
                            <p
+                             className="mt-4 max-w-lg text-base text-muted-foreground md:text-lg leading-relaxed"
-                             className="mt-4 max-w-lg text-lg text-muted-foreground md:text-xl"
                            >
+                             小学生からビジネスパーソンまで。AI英会話パートナーとプロ講師が、あなたの「話したい」を叶えます。24時間、いつでも、どこでも。
                      ...
                        <div className={undefined} style={{opacity:0, ...}} ref={function useMotionRef.useCallback}>
                          <div className="mt-8 flex ...">
                            <LinkComponent>
                            <LinkComponent href="#features" className={"group/bu..."}>
                              <a
                                className={"group/button inline-flex shrink-0 items-center justify-center rounded-lg ..."}
                                ref={function}
                                onClick={function onClick}
                                onMouseEnter={function onMouseEnter}
                                onTouchStart={function onTouchStart}
+                               href="#features"
-                               href="/pricing"
                              >
+                               3分で分かる使い方
-                               今すぐ始めよう
                          ...
                    ...
                ...
        ...
      ...

    at throwOnHydrationMismatch (http://localhost:3001/_next/static/chunks/0w4n_next_dist_compiled_react-dom_0zgmlza._.js:3318:56)
    at prepareToHydrateHostInstance (http://localhost:3001/_next/static/chunks/0w4n_next_dist_compiled_react-dom_0zgmlza._.js:3372:23)
    at completeWork (http://localhost:3001/_next/static/chunks/0w4n_next_dist_compiled_react-dom_0zgmlza._.js:6922:60)
    at runWithFiberInDEV (http://localhost:3001/_next/static/chunks/0w4n_next_dist_compiled_react-dom_0zgmlza._.js:965:74)
    at completeUnitOfWork (http://localhost:3001/_next/static/chunks/0w4n_next_dist_compiled_react-dom_0zgmlza._.js:9622:23)
    at performUnitOfWork (http://localhost:3001/_next/static/chunks/0w4n_next_dist_compiled_react-dom_0zgmlza._.js:9557:28)
    at workLoopConcurrentByScheduler (http://localhost:3001/_next/static/chunks/0w4n_next_dist_compiled_react-dom_0zgmlza._.js:9551:58)
    at renderRootConcurrent (http://localhost:3001/_next/static/chunks/0w4n_next_dist_compiled_react-dom_0zgmlza._.js:9534:71)
    at performWorkOnRoot (http://localhost:3001/_next/static/chunks/0w4n_next_dist_compiled_react-dom_0zgmlza._.js:9061:150)
    at performWorkOnRootViaSchedulerTask (http://localhost:3001/_next/static/chunks/0w4n_next_dist_compiled_react-dom_0zgmlza._.js:10255:9)
    at MessagePort.performWorkUntilDeadline (http://localhost:3001/_next/static/chunks/0w4n_next_dist_compiled_0q67tpg._.js:2647:64)
[    6700ms] [ERROR] IntlError: MISSING_MESSAGE: Could not resolve `landing.footerNav.newsletter` in messages for locale `ja`.
    at getFallbackFromErrorAndNotify (http://localhost:3001/_next/static/chunks/node_modules__pnpm_107f78p._.js:4167:23)
    at translateBaseFn (http://localhost:3001/_next/static/chunks/node_modules__pnpm_107f78p._.js:4197:28)
    at translateFn (http://localhost:3001/_next/static/chunks/node_modules__pnpm_107f78p._.js:4225:24)
    at FooterNav (http://localhost:3001/_next/static/chunks/src_0hk7nib._.js:1405:47)
    at Object.react_stack_bottom_frame (http://localhost:3001/_next/static/chunks/0w4n_next_dist_compiled_react-dom_0zgmlza._.js:15037:24)
    at renderWithHooks (http://localhost:3001/_next/static/chunks/0w4n_next_dist_compiled_react-dom_0zgmlza._.js:4620:24)
    at updateFunctionComponent (http://localhost:3001/_next/static/chunks/0w4n_next_dist_compiled_react-dom_0zgmlza._.js:6081:21)
    at beginWork (http://localhost:3001/_next/static/chunks/0w4n_next_dist_compiled_react-dom_0zgmlza._.js:6691:24)
    at runWithFiberInDEV (http://localhost:3001/_next/static/chunks/0w4n_next_dist_compiled_react-dom_0zgmlza._.js:965:74)
    at performUnitOfWork (http://localhost:3001/_next/static/chunks/0w4n_next_dist_compiled_react-dom_0zgmlza._.js:9555:97)
    at workLoopConcurrentByScheduler (http://localhost:3001/_next/static/chunks/0w4n_next_dist_compiled_react-dom_0zgmlza._.js:9551:58)
    at renderRootConcurrent (http://localhost:3001/_next/static/chunks/0w4n_next_dist_compiled_react-dom_0zgmlza._.js:9534:71)
    at performWorkOnRoot (http://localhost:3001/_next/static/chunks/0w4n_next_dist_compiled_react-dom_0zgmlza._.js:9061:150)
    at performWorkOnRootViaSchedulerTask (http://localhost:3001/_next/static/chunks/0w4n_next_dist_compiled_react-dom_0zgmlza._.js:10255:9)
    at MessagePort.performWorkUntilDeadline (http://localhost:3001/_next/static/chunks/0w4n_next_dist_compiled_0q67tpg._.js:2647:64) @ http://localhost:3001/_next/static/chunks/0w4n_next_dist_0_cxz4v._.js:3272
[    6700ms] [ERROR] IntlError: MISSING_MESSAGE: Could not resolve `landing.footerNav.emailPlaceholder` in messages for locale `ja`.
    at getFallbackFromErrorAndNotify (http://localhost:3001/_next/static/chunks/node_modules__pnpm_107f78p._.js:4167:23)
    at translateBaseFn (http://localhost:3001/_next/static/chunks/node_modules__pnpm_107f78p._.js:4197:28)
    at translateFn (http://localhost:3001/_next/static/chunks/node_modules__pnpm_107f78p._.js:4225:24)
    at FooterNav (http://localhost:3001/_next/static/chunks/src_0hk7nib._.js:1416:58)
    at Object.react_stack_bottom_frame (http://localhost:3001/_next/static/chunks/0w4n_next_dist_compiled_react-dom_0zgmlza._.js:15037:24)
    at renderWithHooks (http://localhost:3001/_next/static/chunks/0w4n_next_dist_compiled_react-dom_0zgmlza._.js:4620:24)
    at updateFunctionComponent (http://localhost:3001/_next/static/chunks/0w4n_next_dist_compiled_react-dom_0zgmlza._.js:6081:21)
    at beginWork (http://localhost:3001/_next/static/chunks/0w4n_next_dist_compiled_react-dom_0zgmlza._.js:6691:24)
    at runWithFiberInDEV (http://localhost:3001/_next/static/chunks/0w4n_next_dist_compiled_react-dom_0zgmlza._.js:965:74)
    at performUnitOfWork (http://localhost:3001/_next/static/chunks/0w4n_next_dist_compiled_react-dom_0zgmlza._.js:9555:97)
    at workLoopConcurrentByScheduler (http://localhost:3001/_next/static/chunks/0w4n_next_dist_compiled_react-dom_0zgmlza._.js:9551:58)
    at renderRootConcurrent (http://localhost:3001/_next/static/chunks/0w4n_next_dist_compiled_react-dom_0zgmlza._.js:9534:71)
    at performWorkOnRoot (http://localhost:3001/_next/static/chunks/0w4n_next_dist_compiled_react-dom_0zgmlza._.js:9061:150)
    at performWorkOnRootViaSchedulerTask (http://localhost:3001/_next/static/chunks/0w4n_next_dist_compiled_react-dom_0zgmlza._.js:10255:9)
    at MessagePort.performWorkUntilDeadline (http://localhost:3001/_next/static/chunks/0w4n_next_dist_compiled_0q67tpg._.js:2647:64) @ http://localhost:3001/_next/static/chunks/0w4n_next_dist_0_cxz4v._.js:3272
[    6701ms] [ERROR] IntlError: MISSING_MESSAGE: Could not resolve `landing.footerNav.newsletter` in messages for locale `ja`.
    at getFallbackFromErrorAndNotify (http://localhost:3001/_next/static/chunks/node_modules__pnpm_107f78p._.js:4167:23)
    at translateBaseFn (http://localhost:3001/_next/static/chunks/node_modules__pnpm_107f78p._.js:4197:28)
    at translateFn (http://localhost:3001/_next/static/chunks/node_modules__pnpm_107f78p._.js:4225:24)
    at FooterNav (http://localhost:3001/_next/static/chunks/src_0hk7nib._.js:1405:47)
    at Object.react_stack_bottom_frame (http://localhost:3001/_next/static/chunks/0w4n_next_dist_compiled_react-dom_0zgmlza._.js:15037:24)
    at renderWithHooksAgain (http://localhost:3001/_next/static/chunks/0w4n_next_dist_compiled_react-dom_0zgmlza._.js:4675:24)
    at renderWithHooks (http://localhost:3001/_next/static/chunks/0w4n_next_dist_compiled_react-dom_0zgmlza._.js:4626:28)
    at updateFunctionComponent (http://localhost:3001/_next/static/chunks/0w4n_next_dist_compiled_react-dom_0zgmlza._.js:6081:21)
    at beginWork (http://localhost:3001/_next/static/chunks/0w4n_next_dist_compiled_react-dom_0zgmlza._.js:6691:24)
    at runWithFiberInDEV (http://localhost:3001/_next/static/chunks/0w4n_next_dist_compiled_react-dom_0zgmlza._.js:965:74)
    at performUnitOfWork (http://localhost:3001/_next/static/chunks/0w4n_next_dist_compiled_react-dom_0zgmlza._.js:9555:97)
    at workLoopConcurrentByScheduler (http://localhost:3001/_next/static/chunks/0w4n_next_dist_compiled_react-dom_0zgmlza._.js:9551:58)
    at renderRootConcurrent (http://localhost:3001/_next/static/chunks/0w4n_next_dist_compiled_react-dom_0zgmlza._.js:9534:71)
    at performWorkOnRoot (http://localhost:3001/_next/static/chunks/0w4n_next_dist_compiled_react-dom_0zgmlza._.js:9061:150)
    at performWorkOnRootViaSchedulerTask (http://localhost:3001/_next/static/chunks/0w4n_next_dist_compiled_react-dom_0zgmlza._.js:10255:9)
    at MessagePort.performWorkUntilDeadline (http://localhost:3001/_next/static/chunks/0w4n_next_dist_compiled_0q67tpg._.js:2647:64) @ http://localhost:3001/_next/static/chunks/0w4n_next_dist_0_cxz4v._.js:3272
[    6701ms] [ERROR] IntlError: MISSING_MESSAGE: Could not resolve `landing.footerNav.emailPlaceholder` in messages for locale `ja`.
    at getFallbackFromErrorAndNotify (http://localhost:3001/_next/static/chunks/node_modules__pnpm_107f78p._.js:4167:23)
    at translateBaseFn (http://localhost:3001/_next/static/chunks/node_modules__pnpm_107f78p._.js:4197:28)
    at translateFn (http://localhost:3001/_next/static/chunks/node_modules__pnpm_107f78p._.js:4225:24)
    at FooterNav (http://localhost:3001/_next/static/chunks/src_0hk7nib._.js:1416:58)
    at Object.react_stack_bottom_frame (http://localhost:3001/_next/static/chunks/0w4n_next_dist_compiled_react-dom_0zgmlza._.js:15037:24)
    at renderWithHooksAgain (http://localhost:3001/_next/static/chunks/0w4n_next_dist_compiled_react-dom_0zgmlza._.js:4675:24)
    at renderWithHooks (http://localhost:3001/_next/static/chunks/0w4n_next_dist_compiled_react-dom_0zgmlza._.js:4626:28)
    at updateFunctionComponent (http://localhost:3001/_next/static/chunks/0w4n_next_dist_compiled_react-dom_0zgmlza._.js:6081:21)
    at beginWork (http://localhost:3001/_next/static/chunks/0w4n_next_dist_compiled_react-dom_0zgmlza._.js:6691:24)
    at runWithFiberInDEV (http://localhost:3001/_next/static/chunks/0w4n_next_dist_compiled_react-dom_0zgmlza._.js:965:74)
    at performUnitOfWork (http://localhost:3001/_next/static/chunks/0w4n_next_dist_compiled_react-dom_0zgmlza._.js:9555:97)
    at workLoopConcurrentByScheduler (http://localhost:3001/_next/static/chunks/0w4n_next_dist_compiled_react-dom_0zgmlza._.js:9551:58)
    at renderRootConcurrent (http://localhost:3001/_next/static/chunks/0w4n_next_dist_compiled_react-dom_0zgmlza._.js:9534:71)
    at performWorkOnRoot (http://localhost:3001/_next/static/chunks/0w4n_next_dist_compiled_react-dom_0zgmlza._.js:9061:150)
    at performWorkOnRootViaSchedulerTask (http://localhost:3001/_next/static/chunks/0w4n_next_dist_compiled_react-dom_0zgmlza._.js:10255:9)
    at MessagePort.performWorkUntilDeadline (http://localhost:3001/_next/static/chunks/0w4n_next_dist_compiled_0q67tpg._.js:2647:64) @ http://localhost:3001/_next/static/chunks/0w4n_next_dist_0_cxz4v._.js:3272
[  166684ms] [ERROR] WebSocket connection to 'ws://localhost:3001/_next/webpack-hmr?id=RL5dkqiuT1RYI9dbl7Zc-' failed:  @ http://localhost:3001/_next/static/chunks/0w4n_next_dist_client_0st4c5a._.js:13299
[  167692ms] [ERROR] WebSocket connection to 'ws://localhost:3001/_next/webpack-hmr?id=RL5dkqiuT1RYI9dbl7Zc-' failed: Error in connection establishment: net::ERR_CONNECTION_REFUSED @ http://localhost:3001/_next/static/chunks/0w4n_next_dist_client_0st4c5a._.js:13299
